Successfully connected to MongoDB Atlas
Server is running on port 5000
[DEBUG] getMyTeams called by user: 6a265746b1a1c29afedf3e69
[DEBUG] getMyTeams found teams: [{"id":"6a390e011b4929bad5c6d64d","name":"Vibecoders"},{"id":"6a3925fe5d71e86ea882c3cb","name":"BugSolvers"},{"id":"6a3ad641c0b9fc7aa496a90f","name":"bugcrushers"},{"id":"6a3ad6dfee899979c52f7816","name":"CodeSmashers"},{"id":"6a3ade6cb85814ce17284608","name":"Vibers"}]
[DEBUG] getMyTeams called by user: 6a265746b1a1c29afedf3e69
[DEBUG] getMyTeams found teams: [{"id":"6a390e011b4929bad5c6d64d","name":"Vibecoders"},{"id":"6a3925fe5d71e86ea882c3cb","name":"BugSolvers"},{"id":"6a3ad641c0b9fc7aa496a90f","name":"bugcrushers"},{"id":"6a3ad6dfee899979c52f7816","name":"CodeSmashers"},{"id":"6a3ade6cb85814ce17284608","name":"Vibers"}]
[DEBUG] getMyTeams called by user: 6a265746b1a1c29afedf3e69
[DEBUG] getMyTeams found teams: [{"id":"6a390e011b4929bad5c6d64d","name":"Vibecoders"},{"id":"6a3925fe5d71e86ea882c3cb","name":"BugSolvers"},{"id":"6a3ad641c0b9fc7aa496a90f","name":"bugcrushers"},{"id":"6a3ad6dfee899979c52f7816","name":"CodeSmashers"},{"id":"6a3ade6cb85814ce17284608","name":"Vibers"}]
[DEBUG] getMyTeams called by user: 6a265746b1a1c29afedf3e69
[DEBUG] getMyTeams found teams: [{"id":"6a390e011b4929bad5c6d64d","name":"Vibecoders"},{"id":"6a3925fe5d71e86ea882c3cb","name":"BugSolvers"},{"id":"6a3ad641c0b9fc7aa496a90f","name":"bugcrushers"},{"id":"6a3ad6dfee899979c52f7816","name":"CodeSmashers"},{"id":"6a3ade6cb85814ce17284608","name":"Vibers"}]
[DEBUG] getMyTeams called by user: 6a265746b1a1c29afedf3e69
[DEBUG] getMyTeams found teams: [{"id":"6a390e011b4929bad5c6d64d","name":"Vibecoders"},{"id":"6a3925fe5d71e86ea882c3cb","name":"BugSolvers"},{"id":"6a3ad641c0b9fc7aa496a90f","name":"bugcrushers"},{"id":"6a3ad6dfee899979c52f7816","name":"CodeSmashers"},{"id":"6a3ade6cb85814ce17284608","name":"Vibers"}]
[SyncService] Syncing GitHub repository Atharvanair09/Splitr for project 6a390f1a1b4929bad5c6d652...
[SyncService] Sync complete for Atharvanair09/Splitr. Status: Connected
[DEBUG] getMyTeams called by user: 6a265746b1a1c29afedf3e69
[DEBUG] getMyTeams found teams: [{"id":"6a390e011b4929bad5c6d64d","name":"Vibecoders"},{"id":"6a3925fe5d71e86ea882c3cb","name":"BugSolvers"},{"id":"6a3ad641c0b9fc7aa496a90f","name":"bugcrushers"},{"id":"6a3ad6dfee899979c52f7816","name":"CodeSmashers"},{"id":"6a3ade6cb85814ce17284608","name":"Vibers"}]
[DEBUG] getMyTeams called by user: 6a265746b1a1c29afedf3e69
[DEBUG] getMyTeams found teams: [{"id":"6a390e011b4929bad5c6d64d","name":"Vibecoders"},{"id":"6a3925fe5d71e86ea882c3cb","name":"BugSolvers"},{"id":"6a3ad641c0b9fc7aa496a90f","name":"bugcrushers"},{"id":"6a3ad6dfee899979c52f7816","name":"CodeSmashers"},{"id":"6a3ade6cb85814ce17284608","name":"Vibers"}]
[DEBUG] getMyTeams called by user: 6a265746b1a1c29afedf3e69
[DEBUG] getMyTeams found teams: [{"id":"6a390e011b4929bad5c6d64d","name":"Vibecoders"},{"id":"6a3925fe5d71e86ea882c3cb","name":"BugSolvers"},{"id":"6a3ad641c0b9fc7aa496a90f","name":"bugcrushers"},{"id":"6a3ad6dfee899979c52f7816","name":"CodeSmashers"},{"id":"6a3ade6cb85814ce17284608","name":"Vibers"}]
[DEBUG] getMyTeams called by user: 6a265746b1a1c29afedf3e69
[DEBUG] getMyTeams found teams: [{"id":"6a390e011b4929bad5c6d64d","name":"Vibecoders"},{"id":"6a3925fe5d71e86ea882c3cb","name":"BugSolvers"},{"id":"6a3ad641c0b9fc7aa496a90f","name":"bugcrushers"},{"id":"6a3ad6dfee899979c52f7816","name":"CodeSmashers"},{"id":"6a3ade6cb85814ce17284608","name":"Vibers"}]
[DEBUG] getMyTeams called by user: 6a265746b1a1c29afedf3e69
[DEBUG] getMyTeams found teams: [{"id":"6a390e011b4929bad5c6d64d","name":"Vibecoders"},{"id":"6a3925fe5d71e86ea882c3cb","name":"BugSolvers"},{"id":"6a3ad641c0b9fc7aa496a90f","name":"bugcrushers"},{"id":"6a3ad6dfee899979c52f7816","name":"CodeSmashers"},{"id":"6a3ade6cb85814ce17284608","name":"Vibers"}]
[DEBUG] getMyTeams called by user: 6a265746b1a1c29afedf3e69
[DEBUG] getMyTeams found teams: [{"id":"6a390e011b4929bad5c6d64d","name":"Vibecoders"},{"id":"6a3925fe5d71e86ea882c3cb","name":"BugSolvers"},{"id":"6a3ad641c0b9fc7aa496a90f","name":"bugcrushers"},{"id":"6a3ad6dfee899979c52f7816","name":"CodeSmashers"},{"id":"6a3ade6cb85814ce17284608","name":"Vibers"}]
[DEBUG] getMyTeams called by user: 6a265746b1a1c29afedf3e69
[DEBUG] getMyTeams found teams: [{"id":"6a390e011b4929bad5c6d64d","name":"Vibecoders"},{"id":"6a3925fe5d71e86ea882c3cb","name":"BugSolvers"},{"id":"6a3ad641c0b9fc7aa496a90f","name":"bugcrushers"},{"id":"6a3ad6dfee899979c52f7816","name":"CodeSmashers"},{"id":"6a3ade6cb85814ce17284608","name":"Vibers"}]
[DEBUG] getMyTeams called by user: 6a265746b1a1c29afedf3e69
[DEBUG] getMyTeams found teams: [{"id":"6a390e011b4929bad5c6d64d","name":"Vibecoders"},{"id":"6a3925fe5d71e86ea882c3cb","name":"BugSolvers"},{"id":"6a3ad641c0b9fc7aa496a90f","name":"bugcrushers"},{"id":"6a3ad6dfee899979c52f7816","name":"CodeSmashers"},{"id":"6a3ade6cb85814ce17284608","name":"Vibers"}]
[DEBUG] getMyTeams called by user: 6a265746b1a1c29afedf3e69
[DEBUG] getMyTeams found teams: [{"id":"6a390e011b4929bad5c6d64d","name":"Vibecoders"},{"id":"6a3925fe5d71e86ea882c3cb","name":"BugSolvers"},{"id":"6a3ad641c0b9fc7aa496a90f","name":"bugcrushers"},{"id":"6a3ad6dfee899979c52f7816","name":"CodeSmashers"},{"id":"6a3ade6cb85814ce17284608","name":"Vibers"}]
[DEBUG] getMyTeams called by user: 6a265746b1a1c29afedf3e69
[DEBUG] getMyTeams found teams: [{"id":"6a390e011b4929bad5c6d64d","name":"Vibecoders"},{"id":"6a3925fe5d71e86ea882c3cb","name":"BugSolvers"},{"id":"6a3ad641c0b9fc7aa496a90f","name":"bugcrushers"},{"id":"6a3ad6dfee899979c52f7816","name":"CodeSmashers"},{"id":"6a3ade6cb85814ce17284608","name":"Vibers"}]
[DEBUG] getMyTeams called by user: 6a265746b1a1c29afedf3e69
[DEBUG] getMyTeams found teams: [{"id":"6a390e011b4929bad5c6d64d","name":"Vibecoders"},{"id":"6a3925fe5d71e86ea882c3cb","name":"BugSolvers"},{"id":"6a3ad641c0b9fc7aa496a90f","name":"bugcrushers"},{"id":"6a3ad6dfee899979c52f7816","name":"CodeSmashers"},{"id":"6a3ade6cb85814ce17284608","name":"Vibers"}]
[DEBUG] getMyTeams called by user: 6a265746b1a1c29afedf3e69
[DEBUG] getMyTeams found teams: [{"id":"6a390e011b4929bad5c6d64d","name":"Vibecoders"},{"id":"6a3925fe5d71e86ea882c3cb","name":"BugSolvers"},{"id":"6a3ad641c0b9fc7aa496a90f","name":"bugcrushers"},{"id":"6a3ad6dfee899979c52f7816","name":"CodeSmashers"},{"id":"6a3ade6cb85814ce17284608","name":"Vibers"}]
[DEBUG] getMyTeams called by user: 6a265746b1a1c29afedf3e69
[DEBUG] getMyTeams found teams: [{"id":"6a390e011b4929bad5c6d64d","name":"Vibecoders"},{"id":"6a3925fe5d71e86ea882c3cb","name":"BugSolvers"},{"id":"6a3ad641c0b9fc7aa496a90f","name":"bugcrushers"},{"id":"6a3ad6dfee899979c52f7816","name":"CodeSmashers"},{"id":"6a3ade6cb85814ce17284608","name":"Vibers"}]
[DEBUG] getMyTeams called by user: 6a265746b1a1c29afedf3e69
[DEBUG] getMyTeams found teams: [{"id":"6a390e011b4929bad5c6d64d","name":"Vibecoders"},{"id":"6a3925fe5d71e86ea882c3cb","name":"BugSolvers"},{"id":"6a3ad641c0b9fc7aa496a90f","name":"bugcrushers"},{"id":"6a3ad6dfee899979c52f7816","name":"CodeSmashers"},{"id":"6a3ade6cb85814ce17284608","name":"Vibers"}]
[DEBUG] getMyTeams called by user: 6a265746b1a1c29afedf3e69
[DEBUG] getMyTeams found teams: [{"id":"6a390e011b4929bad5c6d64d","name":"Vibecoders"},{"id":"6a3925fe5d71e86ea882c3cb","name":"BugSolvers"},{"id":"6a3ad641c0b9fc7aa496a90f","name":"bugcrushers"},{"id":"6a3ad6dfee899979c52f7816","name":"CodeSmashers"},{"id":"6a3ade6cb85814ce17284608","name":"Vibers"}]
[DEBUG] getMyTeams called by user: 6a265746b1a1c29afedf3e69
[DEBUG] getMyTeams found teams: [{"id":"6a390e011b4929bad5c6d64d","name":"Vibecoders"},{"id":"6a3925fe5d71e86ea882c3cb","name":"BugSolvers"},{"id":"6a3ad641c0b9fc7aa496a90f","name":"bugcrushers"},{"id":"6a3ad6dfee899979c52f7816","name":"CodeSmashers"},{"id":"6a3ade6cb85814ce17284608","name":"Vibers"}]
[DEBUG] getMyTeams called by user: 6a265746b1a1c29afedf3e69
[DEBUG] getMyTeams found teams: [{"id":"6a390e011b4929bad5c6d64d","name":"Vibecoders"},{"id":"6a3925fe5d71e86ea882c3cb","name":"BugSolvers"},{"id":"6a3ad641c0b9fc7aa496a90f","name":"bugcrushers"},{"id":"6a3ad6dfee899979c52f7816","name":"CodeSmashers"},{"id":"6a3ade6cb85814ce17284608","name":"Vibers"}]
[DEBUG] getMyTeams called by user: 6a265746b1a1c29afedf3e69
[DEBUG] getMyTeams found teams: [{"id":"6a390e011b4929bad5c6d64d","name":"Vibecoders"},{"id":"6a3925fe5d71e86ea882c3cb","name":"BugSolvers"},{"id":"6a3ad641c0b9fc7aa496a90f","name":"bugcrushers"},{"id":"6a3ad6dfee899979c52f7816","name":"CodeSmashers"},{"id":"6a3ade6cb85814ce17284608","name":"Vibers"}]
[SyncService] Syncing GitHub repository Atharvanair09/Splitr for project 6a390f1a1b4929bad5c6d652...
[SyncService] Sync complete for Atharvanair09/Splitr. Status: Connected
[DEBUG] getMyTeams called by user: 6a265746b1a1c29afedf3e69
[DEBUG] getMyTeams found teams: [{"id":"6a390e011b4929bad5c6d64d","name":"Vibecoders"},{"id":"6a3925fe5d71e86ea882c3cb","name":"BugSolvers"},{"id":"6a3ad641c0b9fc7aa496a90f","name":"bugcrushers"},{"id":"6a3ad6dfee899979c52f7816","name":"CodeSmashers"},{"id":"6a3ade6cb85814ce17284608","name":"Vibers"}]
[DEBUG] getMyTeams called by user: 6a265746b1a1c29afedf3e69
[DEBUG] getMyTeams found teams: [{"id":"6a390e011b4929bad5c6d64d","name":"Vibecoders"},{"id":"6a3925fe5d71e86ea882c3cb","name":"BugSolvers"},{"id":"6a3ad641c0b9fc7aa496a90f","name":"bugcrushers"},{"id":"6a3ad6dfee899979c52f7816","name":"CodeSmashers"},{"id":"6a3ade6cb85814ce17284608","name":"Vibers"}]
[DEBUG] getMyTeams called by user: 6a265746b1a1c29afedf3e69
[DEBUG] getMyTeams found teams: [{"id":"6a390e011b4929bad5c6d64d","name":"Vibecoders"},{"id":"6a3925fe5d71e86ea882c3cb","name":"BugSolvers"},{"id":"6a3ad641c0b9fc7aa496a90f","name":"bugcrushers"},{"id":"6a3ad6dfee899979c52f7816","name":"CodeSmashers"},{"id":"6a3ade6cb85814ce17284608","name":"Vibers"}]
[DEBUG] getMyTeams called by user: 6a265746b1a1c29afedf3e69
[DEBUG] getMyTeams found teams: [{"id":"6a390e011b4929bad5c6d64d","name":"Vibecoders"},{"id":"6a3925fe5d71e86ea882c3cb","name":"BugSolvers"},{"id":"6a3ad641c0b9fc7aa496a90f","name":"bugcrushers"},{"id":"6a3ad6dfee899979c52f7816","name":"CodeSmashers"},{"id":"6a3ade6cb85814ce17284608","name":"Vibers"}]
[DEBUG] getMyTeams called by user: 6a265746b1a1c29afedf3e69
[DEBUG] getMyTeams found teams: [{"id":"6a390e011b4929bad5c6d64d","name":"Vibecoders"},{"id":"6a3925fe5d71e86ea882c3cb","name":"BugSolvers"},{"id":"6a3ad641c0b9fc7aa496a90f","name":"bugcrushers"},{"id":"6a3ad6dfee899979c52f7816","name":"CodeSmashers"},{"id":"6a3ade6cb85814ce17284608","name":"Vibers"}]
[DEBUG] getMyTeams called by user: 6a265746b1a1c29afedf3e69
[DEBUG] getMyTeams found teams: [{"id":"6a390e011b4929bad5c6d64d","name":"Vibecoders"},{"id":"6a3925fe5d71e86ea882c3cb","name":"BugSolvers"},{"id":"6a3ad641c0b9fc7aa496a90f","name":"bugcrushers"},{"id":"6a3ad6dfee899979c52f7816","name":"CodeSmashers"},{"id":"6a3ade6cb85814ce17284608","name":"Vibers"}]
[DEBUG] getMyTeams called by user: 6a265746b1a1c29afedf3e69
[DEBUG] getMyTeams found teams: [{"id":"6a390e011b4929bad5c6d64d","name":"Vibecoders"},{"id":"6a3925fe5d71e86ea882c3cb","name":"BugSolvers"},{"id":"6a3ad641c0b9fc7aa496a90f","name":"bugcrushers"},{"id":"6a3ad6dfee899979c52f7816","name":"CodeSmashers"},{"id":"6a3ade6cb85814ce17284608","name":"Vibers"}]
[DEBUG] getMyTeams called by user: 6a265746b1a1c29afedf3e69
[DEBUG] getMyTeams found teams: [{"id":"6a390e011b4929bad5c6d64d","name":"Vibecoders"},{"id":"6a3925fe5d71e86ea882c3cb","name":"BugSolvers"},{"id":"6a3ad641c0b9fc7aa496a90f","name":"bugcrushers"},{"id":"6a3ad6dfee899979c52f7816","name":"CodeSmashers"},{"id":"6a3ade6cb85814ce17284608","name":"Vibers"}]
[DEBUG] getMyTeams called by user: 6a265746b1a1c29afedf3e69
[DEBUG] getMyTeams found teams: [{"id":"6a390e011b4929bad5c6d64d","name":"Vibecoders"},{"id":"6a3925fe5d71e86ea882c3cb","name":"BugSolvers"},{"id":"6a3ad641c0b9fc7aa496a90f","name":"bugcrushers"},{"id":"6a3ad6dfee899979c52f7816","name":"CodeSmashers"},{"id":"6a3ade6cb85814ce17284608","name":"Vibers"}]
[DEBUG] getMyTeams called by user: 6a265746b1a1c29afedf3e69
[DEBUG] getMyTeams found teams: [{"id":"6a390e011b4929bad5c6d64d","name":"Vibecoders"},{"id":"6a3925fe5d71e86ea882c3cb","name":"BugSolvers"},{"id":"6a3ad641c0b9fc7aa496a90f","name":"bugcrushers"},{"id":"6a3ad6dfee899979c52f7816","name":"CodeSmashers"},{"id":"6a3ade6cb85814ce17284608","name":"Vibers"}]
[DEBUG] getMyTeams called by user: 6a265746b1a1c29afedf3e69
[DEBUG] getMyTeams found teams: [{"id":"6a390e011b4929bad5c6d64d","name":"Vibecoders"},{"id":"6a3925fe5d71e86ea882c3cb","name":"BugSolvers"},{"id":"6a3ad641c0b9fc7aa496a90f","name":"bugcrushers"},{"id":"6a3ad6dfee899979c52f7816","name":"CodeSmashers"},{"id":"6a3ade6cb85814ce17284608","name":"Vibers"}]
[DEBUG] getMyTeams called by user: 6a265746b1a1c29afedf3e69
[DEBUG] getMyTeams found teams: [{"id":"6a390e011b4929bad5c6d64d","name":"Vibecoders"},{"id":"6a3925fe5d71e86ea882c3cb","name":"BugSolvers"},{"id":"6a3ad641c0b9fc7aa496a90f","name":"bugcrushers"},{"id":"6a3ad6dfee899979c52f7816","name":"CodeSmashers"},{"id":"6a3ade6cb85814ce17284608","name":"Vibers"}]
[DEBUG] getMyTeams called by user: 6a265746b1a1c29afedf3e69
[DEBUG] getMyTeams found teams: [{"id":"6a390e011b4929bad5c6d64d","name":"Vibecoders"},{"id":"6a3925fe5d71e86ea882c3cb","name":"BugSolvers"},{"id":"6a3ad641c0b9fc7aa496a90f","name":"bugcrushers"},{"id":"6a3ad6dfee899979c52f7816","name":"CodeSmashers"},{"id":"6a3ade6cb85814ce17284608","name":"Vibers"}]
[DEBUG] getMyTeams called by user: 6a265746b1a1c29afedf3e69
[DEBUG] getMyTeams found teams: [{"id":"6a390e011b4929bad5c6d64d","name":"Vibecoders"},{"id":"6a3925fe5d71e86ea882c3cb","name":"BugSolvers"},{"id":"6a3ad641c0b9fc7aa496a90f","name":"bugcrushers"},{"id":"6a3ad6dfee899979c52f7816","name":"CodeSmashers"},{"id":"6a3ade6cb85814ce17284608","name":"Vibers"}]
[DEBUG] getMyTeams called by user: 6a265746b1a1c29afedf3e69
[DEBUG] getMyTeams found teams: [{"id":"6a390e011b4929bad5c6d64d","name":"Vibecoders"},{"id":"6a3925fe5d71e86ea882c3cb","name":"BugSolvers"},{"id":"6a3ad641c0b9fc7aa496a90f","name":"bugcrushers"},{"id":"6a3ad6dfee899979c52f7816","name":"CodeSmashers"},{"id":"6a3ade6cb85814ce17284608","name":"Vibers"}]
[DEBUG] getMyTeams called by user: 6a265746b1a1c29afedf3e69
[DEBUG] getMyTeams found teams: [{"id":"6a390e011b4929bad5c6d64d","name":"Vibecoders"},{"id":"6a3925fe5d71e86ea882c3cb","name":"BugSolvers"},{"id":"6a3ad641c0b9fc7aa496a90f","name":"bugcrushers"},{"id":"6a3ad6dfee899979c52f7816","name":"CodeSmashers"},{"id":"6a3ade6cb85814ce17284608","name":"Vibers"}]
